name="classic"
description="Default level pack"
levelfile(BabySteps.map)
levelfile(ShadowBlocks.map)
levelfile(LittleHelp.map)
levelfile(FirstSpikes.map)
levelfile(SomeSpikes.map)
levelfile(Tricky.map)
levelfile(Jumper.map)
levelfile(FreeFall.map)
levelfile(Control.map)
levelfile(Tower.map)
levelfile(Jumping.map)
levelfile(UpDown.map)
levelfile(Spiky.map)
levelfile(Headache.map)
levelfile(FreeFall2.map)
levelfile(Timing.map)
levelfile(Carry.map)
levelfile(Road.map)
levelfile(Lab.map)
levelfile(LeftRight.map)
levelfile(Shadow.map)
levelfile(Here.map)
levelfile(End.map)
levelfile(Credits.map)