[2023/10/14-22:30:49]:Starting to load settings...
[2023/10/14-22:30:49]:Loading Aim Assist data...
[2023/10/14-22:30:49]:Aim assist:1
[2023/10/14-22:30:49]:Aim assist key check:1
[2023/10/15-3:58:43]:Starting to load settings...
[2023/10/15-3:58:43]:Loading Aim Assist data...
[2023/10/15-3:58:43]:Aim assist:1
[2023/10/15-3:58:43]:Aim assist key check:1
[2023/10/15-4:1:4]:Backing up data to assets/DGS.back.ds
[2023/10/15-4:1:4]:Backup Finished
[2023/10/15-4:5:21]:Backing up data to assets/DGS.back.ds
[2023/10/15-4:5:21]:Backup Finished
[2023/10/15-4:9:45]:Backing up data to assets/DGS.back.ds
[2023/10/15-4:9:45]:Backup Finished
[2023/10/16-19:4:27]:Starting to load settings...
[2023/10/16-19:4:27]:Loading Aim Assist data...
[2023/10/16-19:4:27]:Aim assist:1
[2023/10/16-19:4:27]:Aim assist key check:1
[2023/10/16-19:4:38]:Starting to save configuration data...
[2023/10/16-19:4:38]:Saving Aim Assist data...
[2023/10/16-19:4:38]:Aim Assist data saved.
[2023/10/16-19:4:40]:Starting to save configuration data...
[2023/10/16-19:4:40]:Saving Aim Assist data...
[2023/10/16-19:4:40]:Aim Assist data saved.
[2023/10/16-19:5:11]:Starting to save configuration data...
[2023/10/16-19:5:11]:Saving Aim Assist data...
[2023/10/16-19:5:11]:Aim Assist data saved.
[2023/10/16-19:22:7]:Starting to save configuration data...
[2023/10/16-19:22:7]:Saving Aim Assist data...
[2023/10/16-19:22:7]:Aim Assist data saved.
[2023/10/16-23:22:50]:Starting to load settings...
[2023/10/16-23:22:50]:Loading Aim Assist data...
[2023/10/16-23:22:50]:Aim assist:1
[2023/10/16-23:22:50]:Aim assist key check:1
[2023/10/16-23:24:55]:Backing up data to assets/DGS.back.ds
[2023/10/16-23:24:55]:Backup Finished
[2023/10/16-23:29:25]:Backing up data to assets/DGS.back.ds
[2023/10/16-23:29:25]:Backup Finished
[2023/10/16-23:34:5]:Backing up data to assets/DGS.back.ds
[2023/10/16-23:34:5]:Backup Finished
[2023/10/16-23:37:53]:Backing up data to assets/DGS.back.ds
[2023/10/16-23:37:53]:Backup Finished
[2023/10/16-23:42:4]:Backing up data to assets/DGS.back.ds
[2023/10/16-23:42:4]:Backup Finished
[2023/10/16-23:46:47]:Backing up data to assets/DGS.back.ds
[2023/10/16-23:46:47]:Backup Finished
[2023/10/16-23:51:39]:Backing up data to assets/DGS.back.ds
[2023/10/16-23:51:39]:Backup Finished
[2023/10/16-23:56:57]:Starting to save configuration data...
[2023/10/16-23:56:57]:Saving Aim Assist data...
[2023/10/16-23:56:57]:Aim Assist data saved.
[2023/10/16-23:56:58]:Starting to save configuration data...
[2023/10/16-23:56:58]:Saving Aim Assist data...
[2023/10/16-23:56:58]:Aim Assist data saved.
[2023/10/17-21:2:8]:Starting to load settings...
[2023/10/17-21:2:8]:Loading Aim Assist data...
[2023/10/17-21:2:8]:Aim assist:1
[2023/10/17-21:2:8]:Aim assist key check:1
[2023/10/18-2:1:7]:Starting to load settings...
[2023/10/18-2:1:7]:Loading Aim Assist data...
[2023/10/18-2:1:7]:Aim assist:1
[2023/10/18-2:1:7]:Aim assist key check:1
[2023/10/23-17:41:10]:Starting to load settings...
[2023/10/23-17:41:10]:Loading Aim Assist data...
[2023/10/23-17:41:10]:Aim assist:1
[2023/10/23-17:41:10]:Aim assist key check:1
[2023/11/1-19:30:58]:Starting to load settings...
[2023/11/1-19:30:58]:Loading Aim Assist data...
[2023/11/1-19:30:58]:Aim assist:1
[2023/11/1-19:30:58]:Aim assist key check:1
[2023/11/1-19:33:52]:Starting to load settings...
[2023/11/1-19:33:52]:Loading Aim Assist data...
[2023/11/1-19:33:52]:Aim assist:1
[2023/11/1-19:33:52]:Aim assist key check:1
