RVGL Error Log File
Compilation date: 13:57:14, Sep 30 2021
Architecture: Linux (64-bit arm)
Build: 21.0930a-1

Loading: packs/default.txt: Not Found

Timer Frequency: 1000000

Loading: profiles/rvgl.ini: Found
Loading: strings/portuguese.txt: Found
Loading: strings/slovenian.txt: Found
Loading: strings/hungarian.txt: Found
Loading: strings/turkish.txt: Found
Loading: strings/italian.txt: Found
Loading: strings/serbian.txt: Found
Loading: strings/english.txt: Found
Loading: strings/spanish.txt: Found
Loading: strings/lithuanian.txt: Found
Loading: strings/czech.txt: Found
Loading: strings/french.txt: Found
Loading: strings/german.txt: Found
Loading: strings/polish.txt: Found
Loading: strings/basque.txt: Found
Loading: strings/romanian.txt: Found
Loading: strings/swedish.txt: Found
Loading: strings/slovak.txt: Found
Loading: strings/dutch.txt: Found

Found language: Euskara (basque.txt)
Found language: Čeština (czech.txt)
Found language: Nederlands (dutch.txt)
Found language: English (english.txt)
Found language: Français (french.txt)
Found language: Deutsch (german.txt)
Found language: Magyar (hungarian.txt)
Found language: Italiano (italian.txt)
Found language: Lietuvių (lithuanian.txt)
Found language: Polski (polish.txt)
Found language: Português (portuguese.txt)
Found language: Română (romanian.txt)
Found language: Srpski (serbian.txt)
Found language: Slovenčina (slovak.txt)
Found language: Slovenščina (slovenian.txt)
Found language: Español (spanish.txt)
Found language: Svenska (swedish.txt)
Found language: Türkçe (turkish.txt)

Loading: strings/english.txt: Found
Loading: levels/nhood1/nhood1.inf: Found
Loading: levels/nhood1/reversed/nhood1.inf: Not Found
Loading: levels/market2/market2.inf: Found
Loading: levels/market2/reversed/market2.inf: Not Found
Loading: levels/muse2/muse2.inf: Found
Loading: levels/muse2/reversed/muse2.inf: Not Found
Loading: levels/garden1/garden1.inf: Found
Loading: levels/garden1/reversed/garden1.inf: Not Found
Loading: levels/roof/roof.inf: Found
Loading: levels/roof/reversed/roof.inf: Not Found
Loading: levels/toylite/toylite.inf: Found
Loading: levels/toylite/reversed/toylite.inf: Not Found
Loading: levels/wild_west1/wild_west1.inf: Found
Loading: levels/wild_west1/reversed/wild_west1.inf: Not Found
Loading: levels/toy2/toy2.inf: Found
Loading: levels/toy2/reversed/toy2.inf: Not Found
Loading: levels/nhood2/nhood2.inf: Found
Loading: levels/nhood2/reversed/nhood2.inf: Not Found
Loading: levels/ship1/ship1.inf: Found
Loading: levels/ship1/reversed/ship1.inf: Not Found
Loading: levels/muse1/muse1.inf: Found
Loading: levels/muse1/reversed/muse1.inf: Not Found
Loading: levels/market1/market1.inf: Found
Loading: levels/market1/reversed/market1.inf: Not Found
Loading: levels/wild_west2/wild_west2.inf: Found
Loading: levels/wild_west2/reversed/wild_west2.inf: Not Found
Loading: levels/ship2/ship2.inf: Found
Loading: levels/ship2/reversed/ship2.inf: Not Found
Loading: levels/frontend/frontend.inf: Found
Loading: levels/frontend/reversed/frontend.inf: Not Found
Loading: levels/intro/intro.inf: Found
Loading: levels/intro/reversed/intro.inf: Not Found
Loading: levels/stunts/stunts.inf: Found
Loading: levels/stunts/reversed/stunts.inf: Not Found
Loading: levels/nhood1_battle/nhood1_battle.inf: Found
Loading: levels/nhood1_battle/reversed/nhood1_battle.inf: Not Found
Loading: levels/bot_bat/bot_bat.inf: Found
Loading: levels/bot_bat/reversed/bot_bat.inf: Not Found
Loading: levels/markar/markar.inf: Found
Loading: levels/markar/reversed/markar.inf: Not Found
Loading: levels/muse_bat/muse_bat.inf: Found
Loading: levels/muse_bat/reversed/muse_bat.inf: Not Found
Loading: cars/rc/parameters.txt: Found
Loading: cars/mite/parameters.txt: Found
Loading: cars/phat/parameters.txt: Found
Loading: cars/moss/parameters.txt: Found
Loading: cars/mud/parameters.txt: Found
Loading: cars/beatall/parameters.txt: Found
Loading: cars/volken/parameters.txt: Found
Loading: cars/tc6/parameters.txt: Found
Loading: cars/dino/parameters.txt: Found
Loading: cars/candy/parameters.txt: Found
Loading: cars/gencar/parameters.txt: Found
Loading: cars/tc4/parameters.txt: Found
Loading: cars/mouse/parameters.txt: Found
Loading: cars/flag/parameters.txt: Found
Loading: cars/tc2/parameters.txt: Found
Loading: cars/r5/parameters.txt: Found
Loading: cars/tc5/parameters.txt: Found
Loading: cars/sgt/parameters.txt: Found
Loading: cars/tc3/parameters.txt: Found
Loading: cars/adeon/parameters.txt: Found
Loading: cars/fone/parameters.txt: Found
Loading: cars/tc1/parameters.txt: Found
Loading: cars/rotor/parameters.txt: Found
Loading: cars/cougar/parameters.txt: Found
Loading: cars/sugo/parameters.txt: Found
Loading: cars/toyeca/parameters.txt: Found
Loading: cars/amw/parameters.txt: Found
Loading: cars/panga/parameters.txt: Found
Loading: cars/trolley/parameters.txt: Found
Loading: cars/wincar/parameters.txt: Found
Loading: cars/wincar2/parameters.txt: Found
Loading: cars/wincar3/parameters.txt: Found
Loading: cars/wincar4/parameters.txt: Found
Loading: cars/ufo/parameters.txt: Found
Loading: cars/q/parameters.txt: Found
Loading: cars/bigvolt/parameters.txt: Found
Loading: cars/bossvolt/parameters.txt: Found
Loading: cars/jg6rc/parameters.txt: Found
Loading: cars/tc12/parameters.txt: Found
Loading: cars/tc10/parameters.txt: Found
Loading: cars/tc8/parameters.txt: Found
Loading: cars/tc11/parameters.txt: Found
Loading: cars/tc9/parameters.txt: Found
Loading: cars/jg1jg7/parameters.txt: Found
Loading: cars/tc7/parameters.txt: Found
Loading: cars/jg3loco/parameters.txt: Found
Loading: cars/jg4snw35/parameters.txt: Found
Loading: cars/jg5purpxl/parameters.txt: Found
Loading: cars/jg2fulonx/parameters.txt: Found

Video: Initializing...
Video: Found 1 display modes
Video: Opening window
Video: Creating OpenGL context
Video: Loading OpenGL functions

===== Video Info =====
GL Vendor: ARM
GL Renderer: Mali-G31
GL Version: OpenGL ES-CM 1.1 v1.r13p0-01rel0.8747d14aec16ec21ac2b2da252c4ec5f
GL_VERSION_1_1: Not Found
GL_VERSION_ES_CM_1_0: Found
GL_VERSION_1_2: Not Found
GL_SGIS_texture_lod: Not Found
GL_SGIS_generate_mipmap: Not Found
GL_SGIS_texture_edge_clamp: Not Found
GL_ARB_texture_mirrored_repeat: Not Found
GL_IBM_texture_mirrored_repeat: Not Found
GL_OES_texture_mirrored_repeat: Found
GL_VERSION_1_3: Not Found
GL_ARB_texture_env_combine: Not Found
GL_EXT_texture_env_combine: Not Found
GL_ARB_multitexture: Not Found
GL_ARB_multisample: Not Found
GL_EXT_multisample: Not Found
GL_ARB_texture_compression: Not Found
GL_EXT_texture_compression_s3tc: Not Found
GL_VERSION_1_4: Not Found
GL_EXT_fog_coord: Not Found
GL_ARB_vertex_array_bgra: Not Found
GL_EXT_vertex_array_bgra: Not Found
GL_EXT_clip_volume_hint: Not Found
GL_EXT_gpu_shader4: Not Found
GL_VERSION_2_0: Not Found
GL_ES_VERSION_2_0: Not Found
GL_OES_element_index_uint: Found
GL_VERSION_3_0: Not Found
GL_ES_VERSION_3_0: Not Found
GL_ARB_framebuffer_object: Not Found
GL_EXT_framebuffer_object: Not Found
GL_OES_framebuffer_object: Found
GL_EXT_framebuffer_blit: Not Found
GL_EXT_framebuffer_multisample: Not Found
GL_ANGLE_framebuffer_blit: Not Found
GL_ANGLE_framebuffer_multisample: Not Found
GL_OES_rgb8_rgba8: Found
GL_OES_packed_depth_stencil: Found
GL_OES_depth24: Found
GL_VERSION_3_1: Not Found
GL_ARB_uniform_buffer_object: Not Found
GL_VERSION_3_2: Not Found
GL_ARB_sync: Not Found
GL_ES_VERSION_3_1: Not Found
GL_VERSION_4_1: Not Found
GL_ARB_separate_shader_objects: Not Found
GL_ARB_get_program_binary: Not Found
GL_OES_get_program_binary: Not Found
GL_VERSION_4_6: Not Found
GL_ARB_texture_filter_anisotropic: Not Found
GL_EXT_texture_filter_anisotropic: Not Found
===== Video Info =====

Video: Window format: 8 8 8 0 24 8 1 0 0
Video: Shared Context disabled.

Loading: icons/256x256/apps/rvgl.png: Found

Video: Setting display mode
Video: Dimensions (Window: 640x480, Render: 640x480)
Video: Done

Input: Initializing...
Detected SDL2 version: 2.0.10
Loading: gamecontrollerdb.txt: Found
Input: 189 GameController mappings added
Loading: profiles/gamecontrollerdb.txt: Found
Input: 0 GameController mappings added
Input: Found controller at slot 0: gameforce_gamepad (GUID: 19000000030000000300000002030000)
       Game Controller Mapping: 19000000030000000300000002030000,gameforce_gamepad,leftstick:b14,rightx:a3,leftshoulder:b4,start:b9,lefty:a0,dpup:b10,righty:a2,a:b1,b:b0,back:b8,dpdown:b11,rightshoulder:b5,righttrigger:b7,rightstick:b15,dpright:b13,x:b2,guide:b16,leftx:a1,y:b3,dpleft:b12,lefttrigger:b6,platform:Linux,
Input: Done

Audio: Initializing...
AL Vendor: OpenAL Community
AL Renderer: OpenAL Soft
AL Version: 1.1 ALSOFT 1.18.2
AL Frequency: 48000 Hz
Audio: Done

Loading: cars/misc/parameters.txt: Not Found
Loading: profiles/ark/profile.ini: Found
Loading: profiles/ark/profile.ini: Found
Input: Opened controller at slot 0: Axes 6, Buttons 15, Hats 0
Input: Haptic supported: 1
Input: Haptic name: gameforce_gamepad
Input: Haptic supported features: 4110
Input: Haptic num effects: 16
Input: Haptic num axes: 2
Input: Haptic constant effect: -1
Input: Haptic vibration effect: 0
Input: Haptic friction effect: -1
Loading: levels/stunts/stunts.fob: Found
Loading: profiles/ark/nhood1.level: Found
Loading: profiles/ark/market2.level: Found
Loading: profiles/ark/muse2.level: Found
Loading: profiles/ark/garden1.level: Found
Loading: profiles/ark/roof.level: Found
Loading: profiles/ark/toylite.level: Found
Loading: profiles/ark/wild_west1.level: Found
Loading: profiles/ark/toy2.level: Found
Loading: profiles/ark/nhood2.level: Found
Loading: profiles/ark/ship1.level: Found
Loading: profiles/ark/muse1.level: Found
Loading: profiles/ark/market1.level: Found
Loading: profiles/ark/wild_west2.level: Found
Loading: profiles/ark/ship2.level: Found
Loading: levels/stunts/stunts.fob: Found
Loading: profiles/ark/stunts.stunt: Found
Loading: strings/english.txt: Found
Input: Opened controller at slot 0: Axes 6, Buttons 15, Hats 0
Input: Haptic supported: 1
Input: Haptic name: gameforce_gamepad
Input: Haptic supported features: 4110
Input: Haptic num effects: 16
Input: Haptic num axes: 2
Input: Haptic constant effect: -1
Input: Haptic vibration effect: 0
Input: Haptic friction effect: -1
Loading: gfx/font.bmo: Found
Loading: gfx/spru.bmp: Found
Loading: gfx/spruimage.bmp: Found
Loading: gfx/loadinga.bmp: Found
Loading: gfx/loadinga.bmq: Found
Loading: gfx/loadingb.bmp: Found
Loading: gfx/loadingb.bmq: Found
Loading: gfx/loadingc.bmp: Found
Loading: gfx/loadingc.bmq: Found
Loading: gfx/devlogo1a.bmp: Found
Loading: gfx/devlogo1b.bmp: Found
Loading: gfx/devlogo1c.bmp: Found
Loading: gfx/devlogo2a.bmp: Found
Loading: gfx/devlogo2b.bmp: Found
Loading: gfx/devlogo2c.bmp: Found
Loading: [Begin Level Load]
Loading: profiles/ark/intro.level: Not Found
Loading: levels/intro/intro.pan: Not Found
Loading: levels/intro/intro.inf: Found
Loading: levels/intro/properties.txt: Not Found
Loading: gfx/fxpage1.bmp: Found
Loading: gfx/fxpage2.bmp: Found
Loading: gfx/fxpage3.bmp: Found
Loading: gfx/envstill.bmp: Found
Loading: gfx/envstill.bmq: Found
Loading: gfx/envroll.bmp: Found
Loading: gfx/envroll.bmq: Found
Loading: cars/misc/shadow.bmp: Found
Loading: cars/misc/shadow.bmq: Found
Loading: levels/intro/introa.bmp: Found
Loading: levels/intro/introb.bmp: Found
Warning: Could not find texture: 'levels/intro/introc.bmp'
Warning: Could not find texture: 'levels/intro/introd.bmp'
Warning: Could not find texture: 'levels/intro/introe.bmp'
Warning: Could not find texture: 'levels/intro/introf.bmp'
Warning: Could not find texture: 'levels/intro/introg.bmp'
Warning: Could not find texture: 'levels/intro/introh.bmp'
Warning: Could not find texture: 'levels/intro/introi.bmp'
Warning: Could not find texture: 'levels/intro/introj.bmp'
Loading: levels/intro/intro.w: Found
Loading: levels/intro/intro.vis: Found
Loading: levels/intro/intro.rim: Found
Loading: levels/intro/intro.fin: Found
Loading: levels/intro/intro.ncp: Found
Loading: levels/intro/intro.lit: Found
Loading: levels/intro/intro.taz: Not Found
Loading: levels/intro/intro.fan: Not Found
Loading: levels/intro/intro.fld: Not Found
Loading: levels/intro/intro.pan: Not Found
Loading: levels/intro/intro.cam: Not Found
Loading: models/go3.m: Found
Loading: models/go2.m: Found
Loading: models/go1.m: Found
Loading: models/gogo.m: Found
Loading: models/drum.m: Found
Loading: models/mt.bin: Found
Warning: Existing OpenAL error in LoadSfx(): 0
Loading: wavs/moto.wav: Found
Loading: wavs/petrol.wav: Found
Loading: wavs/clockwrk.wav: Found
Loading: wavs/ufo.wav: Found
Loading: wavs/honkgood.wav: Found
Loading: wavs/scrape.wav: Found
Loading: wavs/skid_normal.wav: Found
Loading: wavs/skid_rough.wav: Found
Loading: wavs/pickup.wav: Found
Loading: wavs/pickgen.wav: Found
Loading: wavs/shock.wav: Found
Loading: wavs/shockfire.wav: Found
Loading: wavs/electro.wav: Found
Loading: wavs/electrozap.wav: Found
Loading: wavs/firefire.wav: Found
Loading: wavs/firebang.wav: Found
Loading: wavs/balldrop.wav: Found
Loading: wavs/ball.wav: Found
Loading: wavs/hit2.wav: Found
Loading: wavs/wbomb.wav: Found
Loading: wavs/wbombfire.wav: Found
Loading: wavs/wbombhit.wav: Found
Loading: wavs/wbombbounce.wav: Found
Loading: wavs/puttbang.wav: Found
Loading: wavs/fuse.wav: Found
Loading: wavs/oildrop.wav: Found
Loading: wavs/countdown.wav: Found
Loading: wavs/turbo.wav: Found
Loading: wavs/servo.wav: Found
Loading: wavs/menunext.wav: Found
Loading: wavs/menuprev.wav: Found
Loading: wavs/menuupdown.wav: Found
Loading: wavs/menuleftright.wav: Found
Loading: wavs/lightflk.wav: Found
Loading: wavs/boxslide.wav: Found
Loading: wavs/starfire.wav: Found
Loading: wavs/tvstatic.wav: Found
Loading: wavs/splash.wav: Found
Loading: wavs/honka.wav: Found
Loading: levels/intro/intro.tri: Not Found
Loading: models/pickup.m: Found
Loading: models/pickup.hul: Not Found
Loading: models/pickup.ncp: Not Found
Loading: models/firework.m: Found
Loading: models/firework.hul: Found
Loading: models/wbomb.m: Found
Loading: models/wbomb.hul: Not Found
Loading: models/wbomb.ncp: Not Found
Loading: models/ball.m: Found
Loading: models/ball.hul: Not Found
Loading: models/ball.ncp: Not Found
Loading: models/bomb.m: Found
Loading: models/bomb.hul: Not Found
Loading: models/bomb.ncp: Not Found
Loading: models/star.m: Found
Loading: models/star.hul: Not Found
Loading: models/star.ncp: Not Found
Loading: levels/intro/custom_animations.txt: Not Found
Loading: levels/intro/intro.fob: Not Found
Loading: cars/ufo/parameters.txt: Found
Warning: Unrecognised word: "Handling"
Warning: Unrecognised word: "50.000000"
Loading: cars/ufo/car.bmp: Found
Loading: cars/ufo/car.bmq: Found
Loading: cars/ufo/shadow.bmp: Found
Loading: cars/ufo/shadow.bmq: Found
Loading: cars/ufo/body.prm: Found
Loading: cars/misc/aerial.m: Found
Loading: cars/misc/aerialt.m: Found
Loading: cars/ufo/hull.hul: Found
Loading: cars/rc/parameters.txt: Found
Warning: Unrecognised word: "Handling"
Warning: Unrecognised word: "90.000000"
Loading: cars/rc/car.bmp: Found
Loading: cars/rc/car.bmq: Found
Loading: cars/rc/body.prm: Found
Loading: cars/rc/wheelfl.prm: Found
Loading: cars/rc/wheelfr.prm: Found
Loading: cars/rc/wheelbl.prm: Found
Loading: cars/rc/wheelbr.prm: Found
Loading: cars/rc/spring.prm: Found
Loading: cars/rc/axle.prm: Found
Loading: cars/rc/pin.prm: Found
Loading: cars/misc/aerial.m: Found
Loading: cars/misc/aerialt.m: Found
Loading: cars/rc/hull.hul: Found
Loading: cars/flag/parameters.txt: Found
Warning: Unrecognised word: "Handling"
Warning: Unrecognised word: "50.000000"
Loading: cars/flag/car.bmp: Found
Loading: cars/flag/car.bmq: Found
Loading: cars/flag/body.prm: Found
Loading: cars/flag/wheelfl.prm: Found
Loading: cars/flag/wheelfr.prm: Found
Loading: cars/flag/wheelbl.prm: Found
Loading: cars/flag/wheelbr.prm: Found
Loading: cars/flag/spring.prm: Found
Loading: cars/flag/axle.prm: Found
Loading: cars/flag/pin.prm: Found
Loading: cars/misc/aerial.m: Found
Loading: cars/misc/aerialt.m: Found
Loading: cars/flag/hull.hul: Found
Loading: [End Level Load] (1210 ms)
Loading: models/probe.m: Found
Loading: models/probe.hul: Found
Loading: levels/intro/ufopath.pth: Found
Loading: [Begin Level Load]
Loading: gfx/font.bmo: Found
Loading: gfx/spru.bmp: Found
Loading: gfx/spruimage.bmp: Found
Loading: gfx/loadinga.bmp: Found
Loading: gfx/loadinga.bmq: Found
Loading: gfx/loadingb.bmp: Found
Loading: gfx/loadingb.bmq: Found
Loading: gfx/loadingc.bmp: Found
Loading: gfx/loadingc.bmq: Found
Loading: profiles/ark/frontend.level: Not Found
Loading: levels/frontend/frontend.pan: Found
Loading: gfx/loadfront1.bmp: Found
Loading: gfx/loadfront2.bmp: Found
Loading: gfx/loadfront3.bmp: Found
Loading: gfx/loadfront4.bmp: Found
Loading: levels/frontend/frontend.inf: Found
Loading: levels/frontend/properties.txt: Not Found
Loading: gfx/fxpage1.bmp: Found
Loading: gfx/fxpage2.bmp: Found
Loading: gfx/fxpage3.bmp: Found
Loading: gfx/envfront.bmp: Found
Loading: gfx/envfront.bmq: Found
Loading: gfx/envroll.bmp: Found
Loading: gfx/envroll.bmq: Found
Loading: cars/misc/shadow.bmp: Found
Loading: cars/misc/shadow.bmq: Found
Loading: levels/frontend/frontenda.bmp: Found
Loading: levels/frontend/frontenda.bmq: Found
Loading: levels/frontend/frontendb.bmp: Found
Loading: levels/frontend/frontendb.bmq: Found
Loading: levels/frontend/frontendc.bmp: Found
Loading: levels/frontend/frontendc.bmq: Found
Loading: levels/frontend/frontendd.bmp: Found
Loading: levels/frontend/frontendd.bmq: Found
Loading: levels/frontend/frontende.bmp: Found
Loading: levels/frontend/frontende.bmq: Found
Loading: levels/frontend/frontendf.bmp: Found
Loading: levels/frontend/frontendf.bmq: Found
Loading: levels/frontend/frontendg.bmp: Found
Loading: levels/frontend/frontendg.bmq: Found
Warning: Could not find texture: 'levels/frontend/frontendh.bmp'
Warning: Could not find texture: 'levels/frontend/frontendi.bmp'
Warning: Could not find texture: 'levels/frontend/frontendj.bmp'
Loading: levels/frontend/frontend.w: Found
Loading: levels/frontend/frontend.vis: Found
Loading: levels/frontend/frontend.rim: Found
Loading: levels/frontend/clockcase.prm: Found
Loading: levels/frontend/clockcase.ncp: Not Found
Loading: levels/frontend/bballbox.prm: Found
Loading: levels/frontend/bballbox.ncp: Not Found
Loading: levels/frontend/hellsb.prm: Found
Loading: levels/frontend/hellsb.ncp: Not Found
Loading: levels/frontend/light.prm: Found
Loading: levels/frontend/light.ncp: Not Found
Loading: levels/frontend/helbladebig.prm: Found
Loading: levels/frontend/helbladebig.ncp: Not Found
Loading: levels/frontend/hellbody.prm: Found
Loading: levels/frontend/hellbody.ncp: Not Found
Loading: levels/frontend/box5.prm: Found
Loading: levels/frontend/box5.ncp: Not Found
Loading: levels/frontend/magstand.prm: Found
Loading: levels/frontend/magstand.ncp: Not Found
Loading: levels/frontend/ufostand.prm: Found
Loading: levels/frontend/ufostand.ncp: Not Found
Loading: levels/frontend/pangacard.prm: Found
Loading: levels/frontend/pangacard.ncp: Found
Loading: levels/frontend/posterstand.prm: Found
Loading: levels/frontend/posterstand.ncp: Not Found
Loading: levels/frontend/box05.prm: Found
Loading: levels/frontend/box05.ncp: Not Found
Loading: levels/frontend/box01.prm: Found
Loading: levels/frontend/box01.ncp: Not Found
Loading: levels/frontend/box03.prm: Found
Loading: levels/frontend/box03.ncp: Not Found
Loading: levels/frontend/box02.prm: Found
Loading: levels/frontend/box02.ncp: Not Found
Loading: levels/frontend/cup01.prm: Found
Loading: levels/frontend/cup01.ncp: Not Found
Loading: levels/frontend/box04.prm: Found
Loading: levels/frontend/box04.ncp: Not Found
Loading: levels/frontend/helbladesmall.prm: Found
Loading: levels/frontend/helbladesmall.ncp: Not Found
Loading: levels/frontend/tvstand.prm: Found
Loading: levels/frontend/tvstand.ncp: Not Found
Loading: levels/frontend/smallscreen.prm: Found
Loading: levels/frontend/smallscreen.ncp: Not Found
Loading: levels/frontend/track.prm: Found
Loading: levels/frontend/track.ncp: Not Found
Loading: levels/frontend/salebin.prm: Found
Loading: levels/frontend/salebin.ncp: Not Found
Loading: levels/frontend/plain.prm: Found
Loading: levels/frontend/plain.ncp: Not Found
Loading: levels/frontend/chicks.prm: Found
Loading: levels/frontend/chicks.ncp: Not Found
Loading: levels/frontend/largemagstand.prm: Found
Loading: levels/frontend/largemagstand.ncp: Not Found
Loading: levels/frontend/podium.prm: Found
Loading: levels/frontend/podium.ncp: Found
Loading: levels/frontend/posterstand2.prm: Found
Loading: levels/frontend/posterstand2.ncp: Not Found
Loading: levels/frontend/frontend.fin: Found
Loading: levels/frontend/frontend.ncp: Found
Loading: levels/frontend/frontend.lit: Found
Loading: levels/frontend/frontend.taz: Found
Loading: levels/frontend/frontend.fan: Found
Loading: levels/frontend/frontend.fld: Found
Loading: levels/frontend/frontend.pan: Found
Loading: levels/frontend/frontend.cam: Found
Loading: models/go3.m: Found
Loading: models/go2.m: Found
Loading: models/go1.m: Found
Loading: models/gogo.m: Found
Loading: models/drum.m: Found
Loading: models/mt.bin: Found
Warning: Existing OpenAL error in LoadSfx(): 0
Loading: wavs/moto.wav: Found
Loading: wavs/petrol.wav: Found
Loading: wavs/clockwrk.wav: Found
Loading: wavs/ufo.wav: Found
Loading: wavs/honkgood.wav: Found
Loading: wavs/scrape.wav: Found
Loading: wavs/skid_normal.wav: Found
Loading: wavs/skid_rough.wav: Found
Loading: wavs/pickup.wav: Found
Loading: wavs/pickgen.wav: Found
Loading: wavs/shock.wav: Found
Loading: wavs/shockfire.wav: Found
Loading: wavs/electro.wav: Found
Loading: wavs/electrozap.wav: Found
Loading: wavs/firefire.wav: Found
Loading: wavs/firebang.wav: Found
Loading: wavs/balldrop.wav: Found
Loading: wavs/ball.wav: Found
Loading: wavs/hit2.wav: Found
Loading: wavs/wbomb.wav: Found
Loading: wavs/wbombfire.wav: Found
Loading: wavs/wbombhit.wav: Found
Loading: wavs/wbombbounce.wav: Found
Loading: wavs/puttbang.wav: Found
Loading: wavs/fuse.wav: Found
Loading: wavs/oildrop.wav: Found
Loading: wavs/countdown.wav: Found
Loading: wavs/turbo.wav: Found
Loading: wavs/servo.wav: Found
Loading: wavs/menunext.wav: Found
Loading: wavs/menuprev.wav: Found
Loading: wavs/menuupdown.wav: Found
Loading: wavs/menuleftright.wav: Found
Loading: wavs/lightflk.wav: Found
Loading: wavs/boxslide.wav: Found
Loading: wavs/starfire.wav: Found
Loading: wavs/tvstatic.wav: Found
Loading: wavs/splash.wav: Found
Loading: wavs/honka.wav: Found
Loading: levels/frontend/frontend.tri: Found
Loading: models/pickup.m: Found
Loading: models/pickup.hul: Not Found
Loading: models/pickup.ncp: Not Found
Loading: models/firework.m: Found
Loading: models/firework.hul: Found
Loading: models/wbomb.m: Found
Loading: models/wbomb.hul: Not Found
Loading: models/wbomb.ncp: Not Found
Loading: models/ball.m: Found
Loading: models/ball.hul: Not Found
Loading: models/ball.ncp: Not Found
Loading: models/bomb.m: Found
Loading: models/bomb.hul: Not Found
Loading: models/bomb.ncp: Not Found
Loading: models/star.m: Found
Loading: models/star.hul: Not Found
Loading: models/star.ncp: Not Found
Loading: levels/frontend/custom_animations.txt: Not Found
Loading: levels/frontend/frontend.fob: Found
Loading: levels/frontend/smallscreen.m: Found
Loading: levels/frontend/smallscreen.hul: Not Found
Loading: levels/frontend/smallscreen.ncp: Not Found
Loading: levels/frontend/namestand.m: Found
Loading: levels/frontend/namestand.hul: Not Found
Loading: levels/frontend/namestand.ncp: Not Found
Loading: levels/frontend/namewheel.m: Found
Loading: levels/frontend/namewheel.hul: Not Found
Loading: levels/frontend/namewheel.ncp: Not Found
Loading: levels/frontend/carbox.m: Found
Loading: levels/frontend/carbox.hul: Not Found
Loading: levels/frontend/carbox.ncp: Not Found
Loading: levels/frontend/plainbox.m: Found
Loading: levels/frontend/plainbox.hul: Not Found
Loading: levels/frontend/plainbox.ncp: Not Found
Loading: models/cone.m: Found
Loading: models/cone.hul: Found
Loading: levels/frontend/bigscreen.m: Found
Loading: levels/frontend/bigscreen.hul: Not Found
Loading: levels/frontend/bigscreen.ncp: Not Found
Loading: gfx/nhood1.bmp: Found
Loading: gfx/nhood1.bmq: Found
Loading: levels/frontend/clockbody.m: Found
Loading: levels/frontend/clockbody.hul: Not Found
Loading: levels/frontend/clockbody.ncp: Not Found
Loading: levels/frontend/clockhandsmall.m: Found
Loading: levels/frontend/clockhandsmall.hul: Not Found
Loading: levels/frontend/clockhandsmall.ncp: Not Found
Loading: levels/frontend/clockhandlarge.m: Found
Loading: levels/frontend/clockhandlarge.hul: Not Found
Loading: levels/frontend/clockhandlarge.ncp: Not Found
Loading: levels/frontend/clockdisc.m: Found
Loading: levels/frontend/clockdisc.hul: Not Found
Loading: levels/frontend/clockdisc.ncp: Not Found
Loading: levels/frontend/cup04.m: Found
Loading: levels/frontend/cup04.hul: Not Found
Loading: levels/frontend/cup04.ncp: Not Found
Loading: levels/frontend/cup02.m: Found
Loading: levels/frontend/cup02.hul: Not Found
Loading: levels/frontend/cup02.ncp: Not Found
Loading: levels/frontend/cup01.m: Found
Loading: levels/frontend/cup01.hul: Not Found
Loading: levels/frontend/cup01.ncp: Not Found
Loading: levels/frontend/cup03.m: Found
Loading: levels/frontend/cup03.hul: Not Found
Loading: levels/frontend/cup03.ncp: Not Found
Loading: cars/wincar/parameters.txt: Found
Warning: Unrecognised word: "Handling"
Warning: Unrecognised word: "50.000000"
Loading: cars/wincar/car.bmp: Found
Loading: cars/wincar/car.bmq: Found
Loading: cars/wincar/shadow.bmp: Found
Loading: cars/wincar/shadow.bmq: Found
Loading: cars/wincar/body.prm: Found
Loading: cars/wincar/wheelfl.prm: Found
Loading: cars/wincar/wheelfr.prm: Found
Loading: cars/wincar/wheelbl.prm: Found
Loading: cars/wincar/wheelbr.prm: Found
Loading: cars/wincar/key.prm: Found
Loading: cars/misc/aerial.m: Found
Loading: cars/misc/aerialt.m: Found
Loading: cars/wincar/hull.hul: Found
Loading: cars/wincar2/parameters.txt: Found
Warning: Unrecognised word: "Handling"
Warning: Unrecognised word: "50.000000"
Loading: cars/wincar2/car.bmp: Found
Loading: cars/wincar2/car.bmq: Found
Loading: cars/wincar2/shadow.bmp: Found
Loading: cars/wincar2/shadow.bmq: Found
Loading: cars/wincar2/body.prm: Found
Loading: cars/wincar2/wheelfl.prm: Found
Loading: cars/wincar2/wheelfr.prm: Found
Loading: cars/wincar2/wheelbl.prm: Found
Loading: cars/wincar2/wheelbr.prm: Found
Loading: cars/wincar2/key.prm: Found
Loading: cars/misc/aerial.m: Found
Loading: cars/misc/aerialt.m: Found
Loading: cars/wincar2/hull.hul: Found
Loading: cars/wincar3/parameters.txt: Found
Warning: Unrecognised word: "Handling"
Warning: Unrecognised word: "50.000000"
Loading: cars/wincar3/car.bmp: Found
Loading: cars/wincar3/car.bmq: Found
Loading: cars/wincar3/shadow.bmp: Found
Loading: cars/wincar3/shadow.bmq: Found
Loading: cars/wincar3/body.prm: Found
Loading: cars/wincar3/wheelfl.prm: Found
Loading: cars/wincar3/wheelfr.prm: Found
Loading: cars/wincar3/wheelbl.prm: Found
Loading: cars/wincar3/wheelbr.prm: Found
Loading: cars/wincar3/key.prm: Found
Loading: cars/misc/aerial.m: Found
Loading: cars/misc/aerialt.m: Found
Loading: cars/wincar3/hull.hul: Found
Loading: [End Level Load] (1411 ms)
Loading: levels/frontend/frontend.txt: Not Found
Loading: cars/misc/carbox1.bmp: Found
Loading: cars/misc/carbox2.bmp: Found
Loading: cars/misc/carbox3.bmp: Found
Loading: cars/misc/carbox4.bmp: Found
Loading: cars/misc/carbox5.bmp: Found
Loading: cars/rc/parameters.txt: Found
Warning: Unrecognised word: "Handling"
Warning: Unrecognised word: "90.000000"
Loading: cars/rc/car.bmp: Found
Loading: cars/rc/car.bmq: Found
Loading: cars/rc/body.prm: Found
Loading: cars/rc/wheelfl.prm: Found
Loading: cars/rc/wheelfr.prm: Found
Loading: cars/rc/wheelbl.prm: Found
Loading: cars/rc/wheelbr.prm: Found
Loading: cars/rc/spring.prm: Found
Loading: cars/rc/axle.prm: Found
Loading: cars/rc/pin.prm: Found
Loading: cars/misc/aerial.m: Found
Loading: cars/misc/aerialt.m: Found
Loading: cars/rc/hull.hul: Found
Loading: levels/nhood1/nhood1.pan: Found
Loading: levels/nhood1/nhood1.pan: Found
Loading: profiles/rvgl.ini: Found
Loading: profiles/ark/profile.ini: Found
Loading: profiles/ark/nhood1.level: Found
Loading: profiles/ark/market2.level: Found
Loading: profiles/ark/muse2.level: Found
Loading: profiles/ark/garden1.level: Found
Loading: profiles/ark/roof.level: Found
Loading: profiles/ark/toylite.level: Found
Loading: profiles/ark/wild_west1.level: Found
Loading: profiles/ark/toy2.level: Found
Loading: profiles/ark/nhood2.level: Found
Loading: profiles/ark/ship1.level: Found
Loading: profiles/ark/muse1.level: Found
Loading: profiles/ark/market1.level: Found
Loading: profiles/ark/wild_west2.level: Found
Loading: profiles/ark/ship2.level: Found
Loading: profiles/ark/stunts.stunt: Found
Loading: [Begin Level Load]
Loading: gfx/font.bmo: Found
Loading: gfx/spru.bmp: Found
Loading: gfx/spruimage.bmp: Found
Loading: gfx/loadinga.bmp: Found
Loading: gfx/loadinga.bmq: Found
Loading: gfx/loadingb.bmp: Found
Loading: gfx/loadingb.bmq: Found
Loading: gfx/loadingc.bmp: Found
Loading: gfx/loadingc.bmq: Found
Loading: levels/nhood1/nhood1.pan: Found
Loading: gfx/loadlevel1.bmp: Found
Loading: gfx/loadlevel2.bmp: Found
Loading: gfx/loadlevel3.bmp: Found
Loading: gfx/loadlevel4.bmp: Found
Loading: levels/nhood1/nhood1.inf: Found
Loading: levels/nhood1/properties.txt: Not Found
Loading: gfx/fxpage1.bmp: Found
Loading: gfx/fxpage2.bmp: Found
Loading: gfx/fxpage3.bmp: Found
Loading: gfx/envstill.bmp: Found
Loading: gfx/envstill.bmq: Found
Loading: gfx/envroll.bmp: Found
Loading: gfx/envroll.bmq: Found
Loading: cars/misc/shadow.bmp: Found
Loading: cars/misc/shadow.bmq: Found
Loading: levels/nhood1/nhood1a.bmp: Found
Loading: levels/nhood1/nhood1a.bmq: Found
Loading: levels/nhood1/nhood1b.bmp: Found
Loading: levels/nhood1/nhood1b.bmq: Found
Loading: levels/nhood1/nhood1c.bmp: Found
Loading: levels/nhood1/nhood1c.bmq: Found
Loading: levels/nhood1/nhood1d.bmp: Found
Loading: levels/nhood1/nhood1d.bmq: Found
Loading: levels/nhood1/nhood1e.bmp: Found
Loading: levels/nhood1/nhood1e.bmq: Found
Loading: levels/nhood1/nhood1f.bmp: Found
Loading: levels/nhood1/nhood1f.bmq: Found
Loading: levels/nhood1/nhood1g.bmp: Found
Loading: levels/nhood1/nhood1g.bmq: Found
Loading: levels/nhood1/nhood1h.bmp: Found
Loading: levels/nhood1/nhood1h.bmq: Found
Loading: levels/nhood1/nhood1i.bmp: Found
Loading: levels/nhood1/nhood1i.bmq: Found
Loading: levels/nhood1/nhood1j.bmp: Found
Loading: levels/nhood1/nhood1j.bmq: Found
Loading: levels/nhood1/nhood1.w: Found
Loading: levels/nhood1/nhood1.vis: Found
Loading: levels/nhood1/nhood1.rim: Not Found
Loading: levels/nhood1/treetest1.prm: Found
Loading: levels/nhood1/treetest1.ncp: Found
Loading: levels/nhood1/seat1.prm: Found
Loading: levels/nhood1/seat1.ncp: Not Found
Loading: levels/nhood1/whitepost.prm: Found
Loading: levels/nhood1/whitepost.ncp: Found
Loading: levels/nhood1/tree1.prm: Found
Loading: levels/nhood1/tree1.ncp: Found
Loading: levels/nhood1/seat2.prm: Found
Loading: levels/nhood1/seat2.ncp: Not Found
Loading: levels/nhood1/bmw2.prm: Found
Loading: levels/nhood1/bmw2.ncp: Found
Loading: levels/nhood1/hoop.prm: Found
Loading: levels/nhood1/hoop.ncp: Not Found
Loading: levels/nhood1/carbase.prm: Found
Loading: levels/nhood1/carbase.ncp: Found
Loading: levels/nhood1/bmw.prm: Found
Loading: levels/nhood1/bmw.ncp: Found
Loading: levels/nhood1/tree1_w.prm: Found
Loading: levels/nhood1/tree1_w.ncp: Not Found
Loading: levels/nhood1/lampost.prm: Found
Loading: levels/nhood1/lampost.ncp: Found
Loading: levels/nhood1/startrev.prm: Found
Loading: levels/nhood1/startrev.ncp: Not Found
Loading: levels/nhood1/barrierpole.prm: Found
Loading: levels/nhood1/barrierpole.ncp: Found
Loading: levels/nhood1/tree2.prm: Found
Loading: levels/nhood1/tree2.ncp: Found
Loading: levels/nhood1/house1.prm: Found
Loading: levels/nhood1/house1.ncp: Not Found
Loading: levels/nhood1/steer.prm: Found
Loading: levels/nhood1/steer.ncp: Not Found
Loading: levels/nhood1/ramp.prm: Found
Loading: levels/nhood1/ramp.ncp: Found
Loading: levels/nhood1/bin.prm: Found
Loading: levels/nhood1/bin.ncp: Found
Loading: levels/nhood1/ramp3.prm: Found
Loading: levels/nhood1/ramp3.ncp: Found
Loading: levels/nhood1/skate.prm: Found
Loading: levels/nhood1/skate.ncp: Found
Loading: levels/nhood1/house2.prm: Found
Loading: levels/nhood1/house2.ncp: Not Found
Loading: levels/nhood1/ramp1.prm: Found
Loading: levels/nhood1/ramp1.ncp: Found
Loading: levels/nhood1/bmw_w.prm: Found
Loading: levels/nhood1/bmw_w.ncp: Found
Loading: levels/nhood1/barrier.prm: Found
Loading: levels/nhood1/barrier.ncp: Found
Loading: levels/nhood1/start.prm: Found
Loading: levels/nhood1/start.ncp: Not Found
Loading: levels/nhood1/nhood1.fin: Found
Loading: levels/nhood1/nhood1.ncp: Found
Loading: levels/nhood1/nhood1.lit: Found
Loading: levels/nhood1/nhood1.taz: Found
Loading: levels/nhood1/nhood1.fan: Found
Loading: levels/nhood1/nhood1.fld: Found
Loading: levels/nhood1/nhood1.pan: Found
Loading: levels/nhood1/nhood1.cam: Found
Loading: models/go3.m: Found
Loading: models/go2.m: Found
Loading: models/go1.m: Found
Loading: models/gogo.m: Found
Loading: models/drum.m: Found
Loading: models/mt.bin: Found
Warning: Existing OpenAL error in LoadSfx(): 0
Loading: wavs/moto.wav: Found
Loading: wavs/petrol.wav: Found
Loading: wavs/clockwrk.wav: Found
Loading: wavs/ufo.wav: Found
Loading: wavs/honkgood.wav: Found
Loading: wavs/scrape.wav: Found
Loading: wavs/skid_normal.wav: Found
Loading: wavs/skid_rough.wav: Found
Loading: wavs/pickup.wav: Found
Loading: wavs/pickgen.wav: Found
Loading: wavs/shock.wav: Found
Loading: wavs/shockfire.wav: Found
Loading: wavs/electro.wav: Found
Loading: wavs/electrozap.wav: Found
Loading: wavs/firefire.wav: Found
Loading: wavs/firebang.wav: Found
Loading: wavs/balldrop.wav: Found
Loading: wavs/ball.wav: Found
Loading: wavs/hit2.wav: Found
Loading: wavs/wbomb.wav: Found
Loading: wavs/wbombfire.wav: Found
Loading: wavs/wbombhit.wav: Found
Loading: wavs/wbombbounce.wav: Found
Loading: wavs/puttbang.wav: Found
Loading: wavs/fuse.wav: Found
Loading: wavs/oildrop.wav: Found
Loading: wavs/countdown.wav: Found
Loading: wavs/turbo.wav: Found
Loading: wavs/servo.wav: Found
Loading: wavs/menunext.wav: Found
Loading: wavs/menuprev.wav: Found
Loading: wavs/menuupdown.wav: Found
Loading: wavs/menuleftright.wav: Found
Loading: wavs/lightflk.wav: Found
Loading: wavs/boxslide.wav: Found
Loading: wavs/starfire.wav: Found
Loading: wavs/tvstatic.wav: Found
Loading: wavs/splash.wav: Found
Loading: wavs/honka.wav: Found
Loading: levels/nhood1/nhood1.tri: Found
Loading: models/pickup.m: Found
Loading: models/pickup.hul: Not Found
Loading: models/pickup.ncp: Not Found
Loading: models/firework.m: Found
Loading: models/firework.hul: Found
Loading: models/wbomb.m: Found
Loading: models/wbomb.hul: Not Found
Loading: models/wbomb.ncp: Not Found
Loading: models/ball.m: Found
Loading: models/ball.hul: Not Found
Loading: models/ball.ncp: Not Found
Loading: models/bomb.m: Found
Loading: models/bomb.hul: Not Found
Loading: models/bomb.ncp: Not Found
Loading: models/star.m: Found
Loading: models/star.hul: Not Found
Loading: models/star.ncp: Not Found
Loading: levels/nhood1/custom_animations.txt: Not Found
Loading: levels/nhood1/nhood1.fob: Found
Loading: models/trafficcone.m: Found
Loading: models/trafficcone.hul: Found
Loading: wavs/hood/roadcone.wav: Found
Loading: wavs/hood/digger.wav: Found
Loading: wavs/hood/kids.wav: Found
Loading: wavs/hood/dogbark.wav: Found
Loading: models/basketball.m: Found
Loading: models/basketball.hul: Not Found
Loading: models/basketball.ncp: Not Found
Loading: wavs/hood/basketball.wav: Found
Loading: models/spbase.m: Found
Loading: models/spbase.hul: Not Found
Loading: models/spbase.ncp: Found
Loading: models/sphead.m: Found
Loading: models/sphead.hul: Not Found
Loading: models/sphead.ncp: Not Found
Loading: wavs/hood/sprink.wav: Found
Loading: models/sphose.m: Found
Loading: models/sphose.hul: Not Found
Loading: models/sphose.ncp: Found
Loading: levels/nhood1/sky_ft.bmp: Found
Loading: levels/nhood1/sky_rt.bmp: Found
Loading: levels/nhood1/sky_bk.bmp: Found
Loading: levels/nhood1/sky_lt.bmp: Found
Loading: levels/nhood1/sky_tp.bmp: Found
Loading: levels/nhood1/sky_bt.bmp: Found
Loading: models/light3.m: Found
Loading: models/light3.hul: Not Found
Loading: models/light3.ncp: Not Found
Loading: wavs/hood/lawnmower.wav: Found
Loading: wavs/hood/birds2.wav: Found
Loading: wavs/hood/birds3.wav: Found
Loading: wavs/hood/birds1.wav: Found
Loading: cars/rc/parameters.txt: Found
Warning: Unrecognised word: "Handling"
Warning: Unrecognised word: "90.000000"
Loading: cars/rc/car.bmp: Found
Loading: cars/rc/car.bmq: Found
Loading: cars/rc/body.prm: Found
Loading: cars/rc/wheelfl.prm: Found
Loading: cars/rc/wheelfr.prm: Found
Loading: cars/rc/wheelbl.prm: Found
Loading: cars/rc/wheelbr.prm: Found
Loading: cars/rc/spring.prm: Found
Loading: cars/rc/axle.prm: Found
Loading: cars/rc/pin.prm: Found
Loading: cars/misc/aerial.m: Found
Loading: cars/misc/aerialt.m: Found
Loading: cars/rc/hull.hul: Found
Loading: cars/mite/parameters.txt: Found
Warning: Unrecognised word: "Handling"
Warning: Unrecognised word: "50.000000"
Loading: cars/mite/car.bmp: Found
Loading: cars/mite/car.bmq: Found
Loading: cars/mite/body.prm: Found
Loading: cars/mite/wheelfl.prm: Found
Loading: cars/mite/wheelfr.prm: Found
Loading: cars/mite/wheelbl.prm: Found
Loading: cars/mite/wheelbr.prm: Found
Loading: cars/mite/spring.prm: Found
Loading: cars/mite/axle.prm: Found
Loading: cars/misc/aerial.m: Found
Loading: cars/misc/aerialt.m: Found
Loading: cars/mite/hull.hul: Found
Loading: cars/beatall/parameters.txt: Found
Warning: Unrecognised word: "Handling"
Warning: Unrecognised word: "50.000000"
Loading: cars/beatall/car.bmp: Found
Loading: cars/beatall/car.bmq: Found
Loading: cars/beatall/body.prm: Found
Loading: cars/beatall/wheelfl.prm: Found
Loading: cars/beatall/wheelfr.prm: Found
Loading: cars/beatall/wheelbl.prm: Found
Loading: cars/beatall/wheelbr.prm: Found
Loading: cars/beatall/spring.prm: Found
Loading: cars/beatall/axle.prm: Found
Loading: cars/misc/aerial.m: Found
Loading: cars/misc/aerialt.m: Found
Loading: cars/beatall/hull.hul: Found
Loading: cars/phat/parameters.txt: Found
Warning: Unrecognised word: "Handling"
Warning: Unrecognised word: "50.000000"
Loading: cars/phat/car.bmp: Found
Loading: cars/phat/car.bmq: Found
Loading: cars/phat/body.prm: Found
Loading: cars/phat/wheelfl.prm: Found
Loading: cars/phat/wheelfr.prm: Found
Loading: cars/phat/wheelbl.prm: Found
Loading: cars/phat/wheelbr.prm: Found
Loading: cars/phat/spring.prm: Found
Loading: cars/phat/axle.prm: Found
Loading: cars/misc/aerial.m: Found
Loading: cars/misc/aerialt.m: Found
Loading: cars/phat/hull.hul: Found
Loading: cars/bigvolt/parameters.txt: Found
Warning: Unrecognised word: "Handling"
Warning: Unrecognised word: "50.000000"
Loading: cars/bigvolt/bigvolt.bmp: Found
Loading: cars/bigvolt/shadow.bmp: Found
Loading: cars/bigvolt/shadow.bmq: Found
Loading: cars/bigvolt/body.prm: Found
Loading: cars/bigvolt/wheelfl.prm: Found
Loading: cars/bigvolt/wheelfr.prm: Found
Loading: cars/bigvolt/wheelbl.prm: Found
Loading: cars/bigvolt/wheelbr.prm: Found
Loading: cars/bigvolt/axle.prm: Found
Loading: cars/misc/aerial.m: Found
Loading: cars/misc/aerialt.m: Found
Loading: cars/bigvolt/hull.hul: Found
Loading: cars/tc6/parameters.txt: Found
Warning: Unrecognised word: "Handling"
Warning: Unrecognised word: "80.000000"
Loading: cars/tc6/car.bmp: Found
Loading: cars/tc6/car.bmq: Found
Loading: cars/tc6/body.prm: Found
Loading: cars/tc6/wheelfl.prm: Found
Loading: cars/tc6/wheelfr.prm: Found
Loading: cars/tc6/wheelbl.prm: Found
Loading: cars/tc6/wheelbr.prm: Found
Loading: cars/misc/aerial.m: Found
Loading: cars/misc/aerialt.m: Found
Loading: cars/tc6/hull.hul: Found
Loading: cars/moss/parameters.txt: Found
Warning: Unrecognised word: "Handling"
Warning: Unrecognised word: "50.000000"
Loading: cars/moss/car.bmp: Found
Loading: cars/moss/car.bmq: Found
Loading: cars/moss/body.prm: Found
Loading: cars/moss/wheelfl.prm: Found
Loading: cars/moss/wheelfr.prm: Found
Loading: cars/moss/wheelbl.prm: Found
Loading: cars/moss/wheelbr.prm: Found
Loading: cars/moss/axle.prm: Found
Loading: cars/misc/aerial.m: Found
Loading: cars/misc/aerialt.m: Found
Loading: cars/moss/hull.hul: Found
Loading: cars/volken/parameters.txt: Found
Warning: Unrecognised word: "Handling"
Warning: Unrecognised word: "50.000000"
Loading: cars/volken/volken.bmp: Found
Loading: cars/volken/volken.bmq: Found
Loading: cars/volken/body.prm: Found
Loading: cars/volken/wheelfl.prm: Found
Loading: cars/volken/wheelfr.prm: Found
Loading: cars/volken/wheelbl.prm: Found
Loading: cars/volken/wheelbr.prm: Found
Loading: cars/misc/aerial.m: Found
Loading: cars/misc/aerialt.m: Found
Loading: cars/volken/hull.hul: Found
Loading: [End Level Load] (4848 ms)
Loading: profiles/ark/nhood1.level: Found
Loading: [Begin Level Load]
Loading: gfx/font.bmo: Found
Loading: gfx/spru.bmp: Found
Loading: gfx/spruimage.bmp: Found
Loading: gfx/loadinga.bmp: Found
Loading: gfx/loadinga.bmq: Found
Loading: gfx/loadingb.bmp: Found
Loading: gfx/loadingb.bmq: Found
Loading: gfx/loadingc.bmp: Found
Loading: gfx/loadingc.bmq: Found
Loading: levels/frontend/frontend.pan: Found
Loading: gfx/loadlevel1.bmp: Found
Loading: gfx/loadlevel2.bmp: Found
Loading: gfx/loadlevel3.bmp: Found
Loading: gfx/loadlevel4.bmp: Found
Loading: levels/frontend/frontend.inf: Found
Loading: levels/frontend/properties.txt: Not Found
Loading: gfx/fxpage1.bmp: Found
Loading: gfx/fxpage2.bmp: Found
Loading: gfx/fxpage3.bmp: Found
Loading: gfx/envfront.bmp: Found
Loading: gfx/envfront.bmq: Found
Loading: gfx/envroll.bmp: Found
Loading: gfx/envroll.bmq: Found
Loading: cars/misc/shadow.bmp: Found
Loading: cars/misc/shadow.bmq: Found
Loading: levels/frontend/frontenda.bmp: Found
Loading: levels/frontend/frontenda.bmq: Found
Loading: levels/frontend/frontendb.bmp: Found
Loading: levels/frontend/frontendb.bmq: Found
Loading: levels/frontend/frontendc.bmp: Found
Loading: levels/frontend/frontendc.bmq: Found
Loading: levels/frontend/frontendd.bmp: Found
Loading: levels/frontend/frontendd.bmq: Found
Loading: levels/frontend/frontende.bmp: Found
Loading: levels/frontend/frontende.bmq: Found
Loading: levels/frontend/frontendf.bmp: Found
Loading: levels/frontend/frontendf.bmq: Found
Loading: levels/frontend/frontendg.bmp: Found
Loading: levels/frontend/frontendg.bmq: Found
Warning: Could not find texture: 'levels/frontend/frontendh.bmp'
Warning: Could not find texture: 'levels/frontend/frontendi.bmp'
Warning: Could not find texture: 'levels/frontend/frontendj.bmp'
Loading: levels/frontend/frontend.w: Found
Loading: levels/frontend/frontend.vis: Found
Loading: levels/frontend/frontend.rim: Found
Loading: levels/frontend/clockcase.prm: Found
Loading: levels/frontend/clockcase.ncp: Not Found
Loading: levels/frontend/bballbox.prm: Found
Loading: levels/frontend/bballbox.ncp: Not Found
Loading: levels/frontend/hellsb.prm: Found
Loading: levels/frontend/hellsb.ncp: Not Found
Loading: levels/frontend/light.prm: Found
Loading: levels/frontend/light.ncp: Not Found
Loading: levels/frontend/helbladebig.prm: Found
Loading: levels/frontend/helbladebig.ncp: Not Found
Loading: levels/frontend/hellbody.prm: Found
Loading: levels/frontend/hellbody.ncp: Not Found
Loading: levels/frontend/box5.prm: Found
Loading: levels/frontend/box5.ncp: Not Found
Loading: levels/frontend/magstand.prm: Found
Loading: levels/frontend/magstand.ncp: Not Found
Loading: levels/frontend/ufostand.prm: Found
Loading: levels/frontend/ufostand.ncp: Not Found
Loading: levels/frontend/pangacard.prm: Found
Loading: levels/frontend/pangacard.ncp: Found
Loading: levels/frontend/posterstand.prm: Found
Loading: levels/frontend/posterstand.ncp: Not Found
Loading: levels/frontend/box05.prm: Found
Loading: levels/frontend/box05.ncp: Not Found
Loading: levels/frontend/box01.prm: Found
Loading: levels/frontend/box01.ncp: Not Found
Loading: levels/frontend/box03.prm: Found
Loading: levels/frontend/box03.ncp: Not Found
Loading: levels/frontend/box02.prm: Found
Loading: levels/frontend/box02.ncp: Not Found
Loading: levels/frontend/cup01.prm: Found
Loading: levels/frontend/cup01.ncp: Not Found
Loading: levels/frontend/box04.prm: Found
Loading: levels/frontend/box04.ncp: Not Found
Loading: levels/frontend/helbladesmall.prm: Found
Loading: levels/frontend/helbladesmall.ncp: Not Found
Loading: levels/frontend/tvstand.prm: Found
Loading: levels/frontend/tvstand.ncp: Not Found
Loading: levels/frontend/smallscreen.prm: Found
Loading: levels/frontend/smallscreen.ncp: Not Found
Loading: levels/frontend/track.prm: Found
Loading: levels/frontend/track.ncp: Not Found
Loading: levels/frontend/salebin.prm: Found
Loading: levels/frontend/salebin.ncp: Not Found
Loading: levels/frontend/plain.prm: Found
Loading: levels/frontend/plain.ncp: Not Found
Loading: levels/frontend/chicks.prm: Found
Loading: levels/frontend/chicks.ncp: Not Found
Loading: levels/frontend/largemagstand.prm: Found
Loading: levels/frontend/largemagstand.ncp: Not Found
Loading: levels/frontend/podium.prm: Found
Loading: levels/frontend/podium.ncp: Found
Loading: levels/frontend/posterstand2.prm: Found
Loading: levels/frontend/posterstand2.ncp: Not Found
Loading: levels/frontend/frontend.fin: Found
Loading: levels/frontend/frontend.ncp: Found
Loading: levels/frontend/frontend.lit: Found
Loading: levels/frontend/frontend.taz: Found
Loading: levels/frontend/frontend.fan: Found
Loading: levels/frontend/frontend.fld: Found
Loading: levels/frontend/frontend.pan: Found
Loading: levels/frontend/frontend.cam: Found
Loading: models/go3.m: Found
Loading: models/go2.m: Found
Loading: models/go1.m: Found
Loading: models/gogo.m: Found
Loading: models/drum.m: Found
Loading: models/mt.bin: Found
Warning: Existing OpenAL error in LoadSfx(): 0
Loading: wavs/moto.wav: Found
Loading: wavs/petrol.wav: Found
Loading: wavs/clockwrk.wav: Found
Loading: wavs/ufo.wav: Found
Loading: wavs/honkgood.wav: Found
Loading: wavs/scrape.wav: Found
Loading: wavs/skid_normal.wav: Found
Loading: wavs/skid_rough.wav: Found
Loading: wavs/pickup.wav: Found
Loading: wavs/pickgen.wav: Found
Loading: wavs/shock.wav: Found
Loading: wavs/shockfire.wav: Found
Loading: wavs/electro.wav: Found
Loading: wavs/electrozap.wav: Found
Loading: wavs/firefire.wav: Found
Loading: wavs/firebang.wav: Found
Loading: wavs/balldrop.wav: Found
Loading: wavs/ball.wav: Found
Loading: wavs/hit2.wav: Found
Loading: wavs/wbomb.wav: Found
Loading: wavs/wbombfire.wav: Found
Loading: wavs/wbombhit.wav: Found
Loading: wavs/wbombbounce.wav: Found
Loading: wavs/puttbang.wav: Found
Loading: wavs/fuse.wav: Found
Loading: wavs/oildrop.wav: Found
Loading: wavs/countdown.wav: Found
Loading: wavs/turbo.wav: Found
Loading: wavs/servo.wav: Found
Loading: wavs/menunext.wav: Found
Loading: wavs/menuprev.wav: Found
Loading: wavs/menuupdown.wav: Found
Loading: wavs/menuleftright.wav: Found
Loading: wavs/lightflk.wav: Found
Loading: wavs/boxslide.wav: Found
Loading: wavs/starfire.wav: Found
Loading: wavs/tvstatic.wav: Found
Loading: wavs/splash.wav: Found
Loading: wavs/honka.wav: Found
Loading: levels/frontend/frontend.tri: Found
Loading: models/pickup.m: Found
Loading: models/pickup.hul: Not Found
Loading: models/pickup.ncp: Not Found
Loading: models/firework.m: Found
Loading: models/firework.hul: Found
Loading: models/wbomb.m: Found
Loading: models/wbomb.hul: Not Found
Loading: models/wbomb.ncp: Not Found
Loading: models/ball.m: Found
Loading: models/ball.hul: Not Found
Loading: models/ball.ncp: Not Found
Loading: models/bomb.m: Found
Loading: models/bomb.hul: Not Found
Loading: models/bomb.ncp: Not Found
Loading: models/star.m: Found
Loading: models/star.hul: Not Found
Loading: models/star.ncp: Not Found
Loading: levels/frontend/custom_animations.txt: Not Found
Loading: levels/frontend/frontend.fob: Found
Loading: levels/frontend/smallscreen.m: Found
Loading: levels/frontend/smallscreen.hul: Not Found
Loading: levels/frontend/smallscreen.ncp: Not Found
Loading: levels/frontend/namestand.m: Found
Loading: levels/frontend/namestand.hul: Not Found
Loading: levels/frontend/namestand.ncp: Not Found
Loading: levels/frontend/namewheel.m: Found
Loading: levels/frontend/namewheel.hul: Not Found
Loading: levels/frontend/namewheel.ncp: Not Found
Loading: levels/frontend/carbox.m: Found
Loading: levels/frontend/carbox.hul: Not Found
Loading: levels/frontend/carbox.ncp: Not Found
Loading: levels/frontend/plainbox.m: Found
Loading: levels/frontend/plainbox.hul: Not Found
Loading: levels/frontend/plainbox.ncp: Not Found
Loading: models/cone.m: Found
Loading: models/cone.hul: Found
Loading: levels/frontend/bigscreen.m: Found
Loading: levels/frontend/bigscreen.hul: Not Found
Loading: levels/frontend/bigscreen.ncp: Not Found
Loading: gfx/nhood1.bmp: Found
Loading: gfx/nhood1.bmq: Found
Loading: levels/frontend/clockbody.m: Found
Loading: levels/frontend/clockbody.hul: Not Found
Loading: levels/frontend/clockbody.ncp: Not Found
Loading: levels/frontend/clockhandsmall.m: Found
Loading: levels/frontend/clockhandsmall.hul: Not Found
Loading: levels/frontend/clockhandsmall.ncp: Not Found
Loading: levels/frontend/clockhandlarge.m: Found
Loading: levels/frontend/clockhandlarge.hul: Not Found
Loading: levels/frontend/clockhandlarge.ncp: Not Found
Loading: levels/frontend/clockdisc.m: Found
Loading: levels/frontend/clockdisc.hul: Not Found
Loading: levels/frontend/clockdisc.ncp: Not Found
Loading: levels/frontend/cup04.m: Found
Loading: levels/frontend/cup04.hul: Not Found
Loading: levels/frontend/cup04.ncp: Not Found
Loading: levels/frontend/cup02.m: Found
Loading: levels/frontend/cup02.hul: Not Found
Loading: levels/frontend/cup02.ncp: Not Found
Loading: levels/frontend/cup01.m: Found
Loading: levels/frontend/cup01.hul: Not Found
Loading: levels/frontend/cup01.ncp: Not Found
Loading: levels/frontend/cup03.m: Found
Loading: levels/frontend/cup03.hul: Not Found
Loading: levels/frontend/cup03.ncp: Not Found
Loading: cars/wincar/parameters.txt: Found
Warning: Unrecognised word: "Handling"
Warning: Unrecognised word: "50.000000"
Loading: cars/wincar/car.bmp: Found
Loading: cars/wincar/car.bmq: Found
Loading: cars/wincar/shadow.bmp: Found
Loading: cars/wincar/shadow.bmq: Found
Loading: cars/wincar/body.prm: Found
Loading: cars/wincar/wheelfl.prm: Found
Loading: cars/wincar/wheelfr.prm: Found
Loading: cars/wincar/wheelbl.prm: Found
Loading: cars/wincar/wheelbr.prm: Found
Loading: cars/wincar/key.prm: Found
Loading: cars/misc/aerial.m: Found
Loading: cars/misc/aerialt.m: Found
Loading: cars/wincar/hull.hul: Found
Loading: cars/wincar2/parameters.txt: Found
Warning: Unrecognised word: "Handling"
Warning: Unrecognised word: "50.000000"
Loading: cars/wincar2/car.bmp: Found
Loading: cars/wincar2/car.bmq: Found
Loading: cars/wincar2/shadow.bmp: Found
Loading: cars/wincar2/shadow.bmq: Found
Loading: cars/wincar2/body.prm: Found
Loading: cars/wincar2/wheelfl.prm: Found
Loading: cars/wincar2/wheelfr.prm: Found
Loading: cars/wincar2/wheelbl.prm: Found
Loading: cars/wincar2/wheelbr.prm: Found
Loading: cars/wincar2/key.prm: Found
Loading: cars/misc/aerial.m: Found
Loading: cars/misc/aerialt.m: Found
Loading: cars/wincar2/hull.hul: Found
Loading: cars/wincar3/parameters.txt: Found
Warning: Unrecognised word: "Handling"
Warning: Unrecognised word: "50.000000"
Loading: cars/wincar3/car.bmp: Found
Loading: cars/wincar3/car.bmq: Found
Loading: cars/wincar3/shadow.bmp: Found
Loading: cars/wincar3/shadow.bmq: Found
Loading: cars/wincar3/body.prm: Found
Loading: cars/wincar3/wheelfl.prm: Found
Loading: cars/wincar3/wheelfr.prm: Found
Loading: cars/wincar3/wheelbl.prm: Found
Loading: cars/wincar3/wheelbr.prm: Found
Loading: cars/wincar3/key.prm: Found
Loading: cars/misc/aerial.m: Found
Loading: cars/misc/aerialt.m: Found
Loading: cars/wincar3/hull.hul: Found
Loading: [End Level Load] (1300 ms)
Loading: levels/frontend/frontend.txt: Not Found
Loading: cars/misc/carbox1.bmp: Found
Loading: cars/misc/carbox2.bmp: Found
Loading: cars/misc/carbox3.bmp: Found
Loading: cars/misc/carbox4.bmp: Found
Loading: cars/misc/carbox5.bmp: Found
Loading: profiles/ark/profile.ini: Found
Loading: profiles/ark/nhood1.level: Found
Loading: profiles/ark/market2.level: Found
Loading: profiles/ark/muse2.level: Found
Loading: profiles/ark/garden1.level: Found
Loading: profiles/ark/roof.level: Found
Loading: profiles/ark/toylite.level: Found
Loading: profiles/ark/wild_west1.level: Found
Loading: profiles/ark/toy2.level: Found
Loading: profiles/ark/nhood2.level: Found
Loading: profiles/ark/ship1.level: Found
Loading: profiles/ark/muse1.level: Found
Loading: profiles/ark/market1.level: Found
Loading: profiles/ark/wild_west2.level: Found
Loading: profiles/ark/ship2.level: Found
Loading: profiles/ark/stunts.stunt: Found
Loading: profiles/rvgl.ini: Found
