dx_line_log: /root/sources/GAMES/avp-20150214/src/avp/cdtrackselection.cpp/119
dx_strf_log: Failed to open cd tracks.txt
dx_line_log: /root/sources/GAMES/avp-20150214/src/avp/win95/ffstdio.cpp/140
dx_strf_log: Loaded FastFile: fastfile/Tex37.FFL
(for directory: graphics\Menus)

dx_line_log: /root/sources/GAMES/avp-20150214/src/avp/win95/ffstdio.cpp/140
dx_strf_log: Loaded FastFile: fastfile/Tex1.FFL
(for directory: Graphics\Common)

dx_line_log: /root/sources/GAMES/avp-20150214/src/avp/win95/ffstdio.cpp/230
dx_strf_log: Unloading almost all fastfiles: 0 subfile(s) still open
dx_line_log: /root/sources/GAMES/avp-20150214/src/avp/win95/ffstdio.cpp/266
dx_strf_log: Keeping 1 fastfile(s)
dx_line_log: /root/sources/GAMES/avp-20150214/src/avp/win95/ffstdio.cpp/140
dx_strf_log: Loaded FastFile: fastfile/Tex34.FFL
(for directory: graphics\HUDs\Alien)

dx_line_log: /root/sources/GAMES/avp-20150214/src/avp/win95/ffstdio.cpp/230
dx_strf_log: Unloading almost all fastfiles: 0 subfile(s) still open
dx_line_log: /root/sources/GAMES/avp-20150214/src/avp/win95/ffstdio.cpp/266
dx_strf_log: Keeping 1 fastfile(s)
dx_line_log: /root/sources/GAMES/avp-20150214/src/avp/win95/ffstdio.cpp/140
dx_strf_log: Loaded FastFile: fastfile/Tex29.FFL
(for directory: graphics\Envrnmts\temple)

dx_line_log: /root/sources/GAMES/avp-20150214/src/avp/win95/ffstdio.cpp/140
dx_strf_log: Loaded FastFile: fastfile/Snd25.FFL
(for directory: sound\Env\Temple)

dx_line_log: /root/sources/GAMES/avp-20150214/src/avp/win95/ffstdio.cpp/140
dx_strf_log: Loaded FastFile: fastfile/Tex10.FFL
(for directory: graphics\Envrnmts\Derelict)

dx_line_log: /root/sources/GAMES/avp-20150214/src/avp/win95/ffstdio.cpp/140
dx_strf_log: Loaded FastFile: fastfile/Tex33.FFL
(for directory: graphics\FMVs)

dx_line_log: /root/sources/GAMES/avp-20150214/src/avp/win95/ffstdio.cpp/140
dx_strf_log: Loaded FastFile: fastfile/Snd44.FFL
(for directory: sound\Npc\Marine)

dx_line_log: /root/sources/GAMES/avp-20150214/src/avp/win95/ffstdio.cpp/140
dx_strf_log: Loaded FastFile: fastfile/Snd45.FFL
(for directory: sound\Npc\MarineVoice)

dx_line_log: /root/sources/GAMES/avp-20150214/src/avp/win95/ffstdio.cpp/140
dx_strf_log: Loaded FastFile: fastfile/Snd41.FFL
(for directory: sound\Npc\Alien)

dx_line_log: /root/sources/GAMES/avp-20150214/src/avp/win95/ffstdio.cpp/140
dx_strf_log: Loaded FastFile: fastfile/Snd42.FFL
(for directory: sound\Npc\AlienVoice)

dx_line_log: /root/sources/GAMES/avp-20150214/src/avp/win95/ffstdio.cpp/230
dx_strf_log: Unloading almost all fastfiles: 0 subfile(s) still open
dx_line_log: /root/sources/GAMES/avp-20150214/src/avp/win95/ffstdio.cpp/266
dx_strf_log: Keeping 1 fastfile(s)
dx_line_log: /root/sources/GAMES/avp-20150214/src/avp/win95/ffstdio.cpp/140
dx_strf_log: Loaded FastFile: fastfile/Tex52.FFL
(for directory: graphics\NPCs\Marine)

dx_line_log: /root/sources/GAMES/avp-20150214/src/avp/win95/ffstdio.cpp/140
dx_strf_log: Loaded FastFile: fastfile/Tex58.FFL
(for directory: graphics\Weapons\Marine)

dx_line_log: /root/sources/GAMES/avp-20150214/src/avp/win95/ffstdio.cpp/230
dx_strf_log: Unloading almost all fastfiles: 0 subfile(s) still open
dx_line_log: /root/sources/GAMES/avp-20150214/src/avp/win95/ffstdio.cpp/266
dx_strf_log: Keeping 1 fastfile(s)
dx_line_log: /root/sources/GAMES/avp-20150214/src/avp/win95/ffstdio.cpp/140
dx_strf_log: Loaded FastFile: fastfile/Snd44.FFL
(for directory: sound\Npc\Marine)

dx_line_log: /root/sources/GAMES/avp-20150214/src/avp/win95/ffstdio.cpp/230
dx_strf_log: Unloading almost all fastfiles: 0 subfile(s) still open
dx_line_log: /root/sources/GAMES/avp-20150214/src/avp/win95/ffstdio.cpp/266
dx_strf_log: Keeping 1 fastfile(s)
dx_line_log: /root/sources/GAMES/avp-20150214/src/avp/win95/ffstdio.cpp/140
dx_strf_log: Loaded FastFile: fastfile/Tex50.FFL
(for directory: graphics\NPCs\Civvie)

dx_line_log: /root/sources/GAMES/avp-20150214/src/avp/win95/ffstdio.cpp/230
dx_strf_log: Unloading almost all fastfiles: 0 subfile(s) still open
dx_line_log: /root/sources/GAMES/avp-20150214/src/avp/win95/ffstdio.cpp/266
dx_strf_log: Keeping 1 fastfile(s)
dx_line_log: /root/sources/GAMES/avp-20150214/src/avp/win95/ffstdio.cpp/140
dx_strf_log: Loaded FastFile: fastfile/Snd44.FFL
(for directory: sound\Npc\Marine)

dx_line_log: /root/sources/GAMES/avp-20150214/src/avp/win95/ffstdio.cpp/230
dx_strf_log: Unloading almost all fastfiles: 0 subfile(s) still open
dx_line_log: /root/sources/GAMES/avp-20150214/src/avp/win95/ffstdio.cpp/266
dx_strf_log: Keeping 1 fastfile(s)
dx_line_log: /root/sources/GAMES/avp-20150214/src/avp/win95/ffstdio.cpp/140
dx_strf_log: Loaded FastFile: fastfile/Tex56.FFL
(for directory: graphics\NPCs\sentry)

dx_line_log: /root/sources/GAMES/avp-20150214/src/avp/win95/ffstdio.cpp/230
dx_strf_log: Unloading almost all fastfiles: 0 subfile(s) still open
dx_line_log: /root/sources/GAMES/avp-20150214/src/avp/win95/ffstdio.cpp/266
dx_strf_log: Keeping 1 fastfile(s)
dx_line_log: /root/sources/GAMES/avp-20150214/src/avp/win95/ffstdio.cpp/230
dx_strf_log: Unloading almost all fastfiles: 0 subfile(s) still open
dx_line_log: /root/sources/GAMES/avp-20150214/src/avp/win95/ffstdio.cpp/266
dx_strf_log: Keeping 1 fastfile(s)
dx_line_log: /root/sources/GAMES/avp-20150214/src/avp/win95/ffstdio.cpp/140
dx_strf_log: Loaded FastFile: fastfile/Tex35.FFL
(for directory: graphics\HUDs\Marine)

dx_line_log: /root/sources/GAMES/avp-20150214/src/avp/win95/ffstdio.cpp/230
dx_strf_log: Unloading almost all fastfiles: 0 subfile(s) still open
dx_line_log: /root/sources/GAMES/avp-20150214/src/avp/win95/ffstdio.cpp/266
dx_strf_log: Keeping 1 fastfile(s)
dx_line_log: /root/sources/GAMES/avp-20150214/src/avp/win95/ffstdio.cpp/204
dx_strf_log: Unloading all fastfiles: 0 subfile(s) still open
dx_line_log: /root/sources/GAMES/avp-20150214/src/avp/win95/ffstdio.cpp/140
dx_strf_log: Loaded FastFile: fastfile/Tex37.FFL
(for directory: graphics\Menus)

dx_line_log: /root/sources/GAMES/avp-20150214/src/avp/win95/ffstdio.cpp/140
dx_strf_log: Loaded FastFile: fastfile/Tex1.FFL
(for directory: Graphics\Common)

dx_line_log: /root/sources/GAMES/avp-20150214/src/avp/win95/ffstdio.cpp/230
dx_strf_log: Unloading almost all fastfiles: 0 subfile(s) still open
dx_line_log: /root/sources/GAMES/avp-20150214/src/avp/win95/ffstdio.cpp/266
dx_strf_log: Keeping 1 fastfile(s)
dx_line_log: /root/sources/GAMES/avp-20150214/src/avp/win95/ffstdio.cpp/140
dx_strf_log: Loaded FastFile: fastfile/Tex54.FFL
(for directory: graphics\NPCs\Predator)

dx_line_log: /root/sources/GAMES/avp-20150214/src/avp/win95/ffstdio.cpp/140
dx_strf_log: Loaded FastFile: fastfile/Tex36.FFL
(for directory: graphics\HUDs\Predator)

dx_line_log: /root/sources/GAMES/avp-20150214/src/avp/win95/ffstdio.cpp/140
dx_strf_log: Loaded FastFile: fastfile/Snd30.FFL
(for directory: sound\Hud\Predator)

dx_line_log: /root/sources/GAMES/avp-20150214/src/avp/win95/ffstdio.cpp/140
dx_strf_log: Loaded FastFile: fastfile/Tex13.FFL
(for directory: graphics\Envrnmts\fall)

dx_line_log: /root/sources/GAMES/avp-20150214/src/avp/win95/ffstdio.cpp/230
dx_strf_log: Unloading almost all fastfiles: 0 subfile(s) still open
dx_line_log: /root/sources/GAMES/avp-20150214/src/avp/win95/ffstdio.cpp/266
dx_strf_log: Keeping 1 fastfile(s)
dx_line_log: /root/sources/GAMES/avp-20150214/src/avp/win95/ffstdio.cpp/140
dx_strf_log: Loaded FastFile: fastfile/Tex13.FFL
(for directory: graphics\Envrnmts\fall)

dx_line_log: /root/sources/GAMES/avp-20150214/src/avp/win95/ffstdio.cpp/140
dx_strf_log: Loaded FastFile: fastfile/Snd12.FFL
(for directory: sound\Env\Fall)

dx_line_log: /root/sources/GAMES/avp-20150214/src/avp/win95/ffstdio.cpp/140
dx_strf_log: Loaded FastFile: fastfile/Tex33.FFL
(for directory: graphics\FMVs)

dx_line_log: /root/sources/GAMES/avp-20150214/src/avp/win95/ffstdio.cpp/140
dx_strf_log: Loaded FastFile: fastfile/Tex58.FFL
(for directory: graphics\Weapons\Marine)

dx_line_log: /root/sources/GAMES/avp-20150214/src/avp/win95/ffstdio.cpp/140
dx_strf_log: Loaded FastFile: fastfile/Snd44.FFL
(for directory: sound\Npc\Marine)

dx_line_log: /root/sources/GAMES/avp-20150214/src/avp/win95/ffstdio.cpp/140
dx_strf_log: Loaded FastFile: fastfile/Snd45.FFL
(for directory: sound\Npc\MarineVoice)

dx_line_log: /root/sources/GAMES/avp-20150214/src/avp/win95/ffstdio.cpp/140
dx_strf_log: Loaded FastFile: fastfile/Snd48.FFL
(for directory: sound\Npc\Predator)

dx_line_log: /root/sources/GAMES/avp-20150214/src/avp/win95/ffstdio.cpp/140
dx_strf_log: Loaded FastFile: fastfile/Snd49.FFL
(for directory: sound\Npc\PredatorVoice)

dx_line_log: /root/sources/GAMES/avp-20150214/src/avp/win95/ffstdio.cpp/230
dx_strf_log: Unloading almost all fastfiles: 0 subfile(s) still open
dx_line_log: /root/sources/GAMES/avp-20150214/src/avp/win95/ffstdio.cpp/266
dx_strf_log: Keeping 1 fastfile(s)
dx_line_log: /root/sources/GAMES/avp-20150214/src/avp/win95/ffstdio.cpp/140
dx_strf_log: Loaded FastFile: fastfile/Tex52.FFL
(for directory: graphics\NPCs\Marine)

dx_line_log: /root/sources/GAMES/avp-20150214/src/avp/win95/ffstdio.cpp/140
dx_strf_log: Loaded FastFile: fastfile/Tex58.FFL
(for directory: graphics\Weapons\Marine)

dx_line_log: /root/sources/GAMES/avp-20150214/src/avp/win95/ffstdio.cpp/230
dx_strf_log: Unloading almost all fastfiles: 0 subfile(s) still open
dx_line_log: /root/sources/GAMES/avp-20150214/src/avp/win95/ffstdio.cpp/266
dx_strf_log: Keeping 1 fastfile(s)
dx_line_log: /root/sources/GAMES/avp-20150214/src/avp/win95/ffstdio.cpp/140
dx_strf_log: Loaded FastFile: fastfile/Snd44.FFL
(for directory: sound\Npc\Marine)

dx_line_log: /root/sources/GAMES/avp-20150214/src/avp/win95/ffstdio.cpp/230
dx_strf_log: Unloading almost all fastfiles: 0 subfile(s) still open
dx_line_log: /root/sources/GAMES/avp-20150214/src/avp/win95/ffstdio.cpp/266
dx_strf_log: Keeping 1 fastfile(s)
dx_line_log: /root/sources/GAMES/avp-20150214/src/avp/win95/ffstdio.cpp/140
dx_strf_log: Loaded FastFile: fastfile/Tex54.FFL
(for directory: graphics\NPCs\Predator)

dx_line_log: /root/sources/GAMES/avp-20150214/src/avp/win95/ffstdio.cpp/230
dx_strf_log: Unloading almost all fastfiles: 0 subfile(s) still open
dx_line_log: /root/sources/GAMES/avp-20150214/src/avp/win95/ffstdio.cpp/266
dx_strf_log: Keeping 1 fastfile(s)
dx_line_log: /root/sources/GAMES/avp-20150214/src/avp/win95/ffstdio.cpp/230
dx_strf_log: Unloading almost all fastfiles: 0 subfile(s) still open
dx_line_log: /root/sources/GAMES/avp-20150214/src/avp/win95/ffstdio.cpp/266
dx_strf_log: Keeping 1 fastfile(s)
dx_line_log: /root/sources/GAMES/avp-20150214/src/avp/win95/ffstdio.cpp/140
dx_strf_log: Loaded FastFile: fastfile/Tex35.FFL
(for directory: graphics\HUDs\Marine)

dx_line_log: /root/sources/GAMES/avp-20150214/src/avp/win95/ffstdio.cpp/230
dx_strf_log: Unloading almost all fastfiles: 0 subfile(s) still open
dx_line_log: /root/sources/GAMES/avp-20150214/src/avp/win95/ffstdio.cpp/266
dx_strf_log: Keeping 1 fastfile(s)
dx_line_log: /root/sources/GAMES/avp-20150214/src/avp/win95/ffstdio.cpp/204
dx_strf_log: Unloading all fastfiles: 0 subfile(s) still open
