[Tue Sep 26 07:53:37 2023] [logLevelInfo] Log file "/iichantra.log" created
[Tue Sep 26 07:53:37 2023] [INFO] Game path:		/storage/roms/ports/iichantra_pear/
[Tue Sep 26 07:53:37 2023] [INFO] Log path:		/storage/roms/ports/iichantra_pear//log/
[Tue Sep 26 07:53:37 2023] [INFO] Config path:		/storage/roms/ports/iichantra_pear//config/
[Tue Sep 26 07:53:37 2023] [INFO] Textures path:	/storage/roms/ports/iichantra_pear//textures/
[Tue Sep 26 07:53:37 2023] [INFO] Fonts path:		/storage/roms/ports/iichantra_pear//fonts/
[Tue Sep 26 07:53:37 2023] [INFO] Prototypes path:	/storage/roms/ports/iichantra_pear//proto/
[Tue Sep 26 07:53:37 2023] [INFO] Scripts path:		/storage/roms/ports/iichantra_pear//scripts/
[Tue Sep 26 07:53:37 2023] [INFO] Levels path:		/storage/roms/ports/iichantra_pear//levels/
[Tue Sep 26 07:53:37 2023] [INFO] Sounds path:		/storage/roms/ports/iichantra_pear//sounds/
[Tue Sep 26 07:53:37 2023] [INFO] Screenshots path:		/storage/roms/ports/iichantra_pear//screenshots/
[Tue Sep 26 07:53:37 2023] [INFO] Saves path:		/storage/roms/ports/iichantra_pear//saves/
[Tue Sep 26 07:53:37 2023] [INFO] Joystick or gamepad found, opening...
[Tue Sep 26 07:53:37 2023] [ERROR] Ошибка загрузки описания кадров для текстуры font-dialogue. Используем стандартное.
[Tue Sep 26 07:53:40 2023] [ERROR] В анимации aim 0 кадров. Пропускаем.
[Tue Sep 26 07:53:40 2023] [ERROR] В анимации shoot 0 кадров. Пропускаем.
[Tue Sep 26 07:53:40 2023] [ERROR] В анимации sitshoot 0 кадров. Пропускаем.
[Tue Sep 26 07:53:40 2023] [ERROR] В анимации jumpshoot 0 кадров. Пропускаем.
[Tue Sep 26 07:53:40 2023] [ERROR] В анимации gunaimupshoot 0 кадров. Пропускаем.
[Tue Sep 26 07:53:40 2023] [ERROR] В анимации situpshoot 0 кадров. Пропускаем.
[Tue Sep 26 07:53:40 2023] [ERROR] В анимации sitdownshoot 0 кадров. Пропускаем.
[Tue Sep 26 07:53:40 2023] [ERROR] В анимации gunaimdownshoot 0 кадров. Пропускаем.
[Tue Sep 26 07:53:40 2023] [ERROR] В анимации jumpgunaimupshoot 0 кадров. Пропускаем.
[Tue Sep 26 07:53:40 2023] [ERROR] В анимации jumpgunaimdown 0 кадров. Пропускаем.
[Tue Sep 26 07:53:42 2023] [INFO] Finished logging
